<?xml version="1.0" encoding="UTF-8"?>
<!-- Generated by org.testng.reporters.JUnitReportReporter -->
<testsuite skipped="0" hostname="DESKTOP-NRNPBV7" name="com.orangeHrmLive.GroupTest" tests="4" failures="0" timestamp="03 Nov 2020 05:18:30 GMT" time="0.103" errors="0">
  <testcase name="adminModule1" time="0.041" classname="com.orangeHrmLive.GroupTest"/>
  <testcase name="adminModule2" time="0.015" classname="com.orangeHrmLive.GroupTest"/>
  <testcase name="leaveModule2" time="0.017" classname="com.orangeHrmLive.GroupTest"/>
  <testcase name="leaveModule1" time="0.030" classname="com.orangeHrmLive.GroupTest"/>
</testsuite> <!-- com.orangeHrmLive.GroupTest -->
