<?xml version="1.0" encoding="UTF-8"?>
<!-- Generated by org.testng.reporters.JUnitReportReporter -->
<testsuite skipped="0" hostname="DESKTOP-NRNPBV7" name="com.orangeHrmLive.TestNGDemo" tests="4" failures="0" timestamp="03 Nov 2020 04:06:15 GMT" time="69.771" errors="0">
  <testcase name="pimTest" time="18.158" classname="com.orangeHrmLive.TestNGDemo"/>
  <testcase name="leaveTest" time="19.361" classname="com.orangeHrmLive.TestNGDemo"/>
  <testcase name="adminTest" time="18.925" classname="com.orangeHrmLive.TestNGDemo"/>
  <testcase name="test" time="13.327" classname="com.orangeHrmLive.TestNGDemo"/>
</testsuite> <!-- com.orangeHrmLive.TestNGDemo -->
