<?xml version="1.0" encoding="UTF-8"?>
<!-- Generated by org.testng.reporters.JUnitReportReporter -->
<testsuite skipped="0" hostname="DESKTOP-NRNPBV7" name="com.orangeHrmLive.XMLTest" tests="1" failures="0" timestamp="03 Nov 2020 04:06:15 GMT" time="33.409" errors="0">
  <testcase name="f" time="33.409" classname="com.orangeHrmLive.XMLTest"/>
</testsuite> <!-- com.orangeHrmLive.XMLTest -->
