<?xml version="1.0" encoding="UTF-8"?>
<!-- Generated by org.testng.reporters.JUnitReportReporter -->
<testsuite skipped="0" hostname="DESKTOP-NRNPBV7" name="com.orangeHrmLive.XMLTest2" tests="1" failures="0" timestamp="03 Nov 2020 04:06:15 GMT" time="29.091" errors="0">
  <testcase name="f" time="29.091" classname="com.orangeHrmLive.XMLTest2"/>
</testsuite> <!-- com.orangeHrmLive.XMLTest2 -->
