<?xml version="1.0" encoding="UTF-8"?>
<!-- Generated by org.testng.reporters.JUnitReportReporter -->
<testsuite skipped="0" hostname="DESKTOP-NRNPBV7" name="com.orangeHrmLive.DataProviderTest" tests="2" failures="0" timestamp="03 Nov 2020 04:53:13 GMT" time="64.918" errors="0">
  <testcase name="dt" time="28.809" classname="com.orangeHrmLive.DataProviderTest"/>
  <testcase name="dt" time="36.109" classname="com.orangeHrmLive.DataProviderTest"/>
</testsuite> <!-- com.orangeHrmLive.DataProviderTest -->
