<?xml version="1.0" encoding="UTF-8"?>
<!-- Generated by org.testng.reporters.JUnitReportReporter -->
<testsuite skipped="0" hostname="DESKTOP-NRNPBV7" name="com.orangeHrmLive.DataProviderTest" tests="2" failures="0" timestamp="03 Nov 2020 06:36:09 GMT" time="125.978" errors="0">
  <testcase name="dt" time="64.122" classname="com.orangeHrmLive.DataProviderTest"/>
  <testcase name="dt" time="61.856" classname="com.orangeHrmLive.DataProviderTest"/>
</testsuite> <!-- com.orangeHrmLive.DataProviderTest -->
