<?xml version="1.0" encoding="UTF-8"?>
<!-- Generated by org.testng.reporters.JUnitReportReporter -->
<testsuite skipped="0" hostname="DESKTOP-NRNPBV7" name="com.orangeHrmLive.TestNGDemo" tests="4" failures="0" timestamp="03 Nov 2020 06:36:09 GMT" time="75.846" errors="0">
  <testcase name="leaveTest" time="18.854" classname="com.orangeHrmLive.TestNGDemo"/>
  <testcase name="pimTest" time="20.843" classname="com.orangeHrmLive.TestNGDemo"/>
  <testcase name="adminTest" time="26.135" classname="com.orangeHrmLive.TestNGDemo"/>
  <testcase name="test" time="10.014" classname="com.orangeHrmLive.TestNGDemo"/>
</testsuite> <!-- com.orangeHrmLive.TestNGDemo -->
