<?xml version="1.0" encoding="UTF-8"?>
<!-- Generated by org.testng.reporters.JUnitReportReporter -->
<testsuite skipped="0" hostname="DESKTOP-NRNPBV7" name="com.orangeHrmLive.GroupTest" tests="4" failures="0" timestamp="03 Nov 2020 06:36:09 GMT" time="0.008" errors="0">
  <testcase name="adminModule1" time="0.002" classname="com.orangeHrmLive.GroupTest"/>
  <testcase name="adminModule2" time="0.001" classname="com.orangeHrmLive.GroupTest"/>
  <testcase name="leaveModule2" time="0.002" classname="com.orangeHrmLive.GroupTest"/>
  <testcase name="leaveModule1" time="0.003" classname="com.orangeHrmLive.GroupTest"/>
</testsuite> <!-- com.orangeHrmLive.GroupTest -->
